<?xml version="1.0" encoding="UTF-8"?>
<!-- Generated by org.testng.reporters.JUnitXMLReporter -->
<testsuite hostname="DEN-P1-SHARMAA" name="Batch Orders" tests="1" failures="1" timestamp="12 May 2017 15:00:52 GMT" time="23.655" errors="0">
  <testcase name="batchOrders" time="23.648" classname="com.ascend.core.ddf.testcases.BatchOrders">
    <failure type="org.openqa.selenium.ElementNotVisibleException" message="Element is not currently visible and so may not be interacted with
Command duration or timeout: 20.09 seconds
Build info: version: &amp;apos;3.0.0&amp;apos;, revision: &amp;apos;350cf60&amp;apos;, time: &amp;apos;2016-10-13 10:48:57 -0700&amp;apos;
System info: host: &amp;apos;DEN-P1-SHARMAA&amp;apos;, ip: &amp;apos;10.171.201.162&amp;apos;, os.name: &amp;apos;Windows 10&amp;apos;, os.arch: &amp;apos;amd64&amp;apos;, os.version: &amp;apos;10.0&amp;apos;, java.version: &amp;apos;1.8.0_91&amp;apos;
Driver info: org.openqa.selenium.firefox.FirefoxDriver
Capabilities [{applicationCacheEnabled=true, rotatable=false, handlesAlerts=true, databaseEnabled=true, version=47.0.2, platform=WINDOWS, nativeEvents=false, acceptSslCerts=true, webStorageEnabled=true, locationContextEnabled=true, browserName=firefox, takesScreenshot=true, javascriptEnabled=true, cssSelectorsEnabled=true}]
Session ID: 375c6027-344e-4656-aecf-59f4747a1678">
      <![CDATA[org.openqa.selenium.ElementNotVisibleException: Element is not currently visible and so may not be interacted with
Command duration or timeout: 20.09 seconds
Build info: version: '3.0.0', revision: '350cf60', time: '2016-10-13 10:48:57 -0700'
System info: host: 'DEN-P1-SHARMAA', ip: '10.171.201.162', os.name: 'Windows 10', os.arch: 'amd64', os.version: '10.0', java.version: '1.8.0_91'
Driver info: org.openqa.selenium.firefox.FirefoxDriver
Capabilities [{applicationCacheEnabled=true, rotatable=false, handlesAlerts=true, databaseEnabled=true, version=47.0.2, platform=WINDOWS, nativeEvents=false, acceptSslCerts=true, webStorageEnabled=true, locationContextEnabled=true, browserName=firefox, takesScreenshot=true, javascriptEnabled=true, cssSelectorsEnabled=true}]
Session ID: 375c6027-344e-4656-aecf-59f4747a1678
	at org.openqa.selenium.remote.ErrorHandler.createThrowable(ErrorHandler.java:216)
	at org.openqa.selenium.remote.ErrorHandler.throwIfResponseFailed(ErrorHandler.java:168)
	at org.openqa.selenium.remote.RemoteWebDriver.execute(RemoteWebDriver.java:635)
	at org.openqa.selenium.remote.RemoteWebElement.execute(RemoteWebElement.java:274)
	at org.openqa.selenium.remote.RemoteWebElement.click(RemoteWebElement.java:84)
	at com.ascend.core.ddf.base.BaseTest.click(BaseTest.java:75)
	at com.ascend.core.ddf.testcases.BatchOrders.batchOrders(BatchOrders.java:26)
Caused by: org.openqa.selenium.ElementNotVisibleException: Element is not currently visible and so may not be interacted with
Build info: version: '3.0.0', revision: '350cf60', time: '2016-10-13 10:48:57 -0700'
System info: host: 'DEN-P1-SHARMAA', ip: '10.171.201.162', os.name: 'Windows 10', os.arch: 'amd64', os.version: '10.0', java.version: '1.8.0_91'
Driver info: driver.version: unknown
	at <anonymous class>.fxdriver.preconditions.visible(file:///C:/Users/sharmaa/AppData/Local/Temp/anonymous8581474673769475496webdriver-profile/extensions/fxdriver@googlecode.com/components/command-processor.js:10716)
	at <anonymous class>.DelayedCommand.prototype.checkPreconditions_(file:///C:/Users/sharmaa/AppData/Local/Temp/anonymous8581474673769475496webdriver-profile/extensions/fxdriver@googlecode.com/components/command-processor.js:12688)
	at <anonymous class>.DelayedCommand.prototype.executeInternal_/h(file:///C:/Users/sharmaa/AppData/Local/Temp/anonymous8581474673769475496webdriver-profile/extensions/fxdriver@googlecode.com/components/command-processor.js:12705)
	at <anonymous class>.fxdriver.Timer.prototype.setTimeout/<.notify(file:///C:/Users/sharmaa/AppData/Local/Temp/anonymous8581474673769475496webdriver-profile/extensions/fxdriver@googlecode.com/components/command-processor.js:720)
... Removed 28 stack frames]]>
    </failure>
  </testcase> <!-- batchOrders -->
</testsuite> <!-- Batch Orders -->
