<?xml version="1.0" encoding="UTF-8"?>
<!-- Generated by org.testng.reporters.JUnitXMLReporter -->
<testsuite hostname="DEN-P1-SHARMAA" name="TestA" tests="3" failures="0" timestamp="1 Mar 2017 16:58:47 GMT" time="0.022" errors="0">
  <testcase name="testA1" time="0.008" classname="com.ascend.core.ddf.testcases.DummyTestA"/>
  <testcase name="testA2" time="0.0" classname="com.ascend.core.ddf.testcases.DummyTestA"/>
  <testcase name="testA3" time="0.001" classname="com.ascend.core.ddf.testcases.DummyTestA"/>
</testsuite> <!-- TestA -->
