<?xml version="1.0" encoding="UTF-8"?>
<!-- Generated by org.testng.reporters.JUnitXMLReporter -->
<testsuite hostname="DEN-P1-SHARMAA" name="TestB" tests="1" failures="1" timestamp="1 Mar 2017 16:58:49 GMT" time="2.375" errors="0">
  <testcase name="testB" time="2.372" classname="com.ascend.core.ddf.testcases.DummyTestB">
    <failure type="java.lang.NullPointerException">
      <![CDATA[java.lang.NullPointerException
	at com.ascend.core.ddf.base.BaseTest.navigate(BaseTest.java:69)
	at com.ascend.core.ddf.testcases.DummyTestB.testB(DummyTestB.java:15)
... Removed 24 stack frames]]>
    </failure>
  </testcase> <!-- testB -->
</testsuite> <!-- TestB -->
