<?xml version="1.0" encoding="UTF-8"?>
<testng-results skipped="0" failed="0" total="1" passed="1">
  <reporter-output>
  </reporter-output>
  <suite name="Default suite" duration-ms="11165" started-at="2017-05-16T15:07:51Z" finished-at="2017-05-16T15:08:02Z">
    <groups>
    </groups>
    <test name="Default test" duration-ms="11165" started-at="2017-05-16T15:07:51Z" finished-at="2017-05-16T15:08:02Z">
      <class name="com.ascend.core.ddf.testcases.LoginTest">
        <test-method status="PASS" signature="init()[pri:0, instance:com.ascend.core.ddf.testcases.LoginTest@cb51256]" name="init" is-config="true" duration-ms="4" started-at="2017-05-16T09:07:51Z" finished-at="2017-05-16T09:07:51Z">
          <reporter-output>
          </reporter-output>
        </test-method> <!-- init -->
        <test-method status="PASS" signature="testB()[pri:0, instance:com.ascend.core.ddf.testcases.LoginTest@cb51256]" name="testB" duration-ms="10966" started-at="2017-05-16T09:07:51Z" finished-at="2017-05-16T09:08:02Z">
          <reporter-output>
          </reporter-output>
        </test-method> <!-- testB -->
        <test-method status="PASS" signature="quit()[pri:0, instance:com.ascend.core.ddf.testcases.LoginTest@cb51256]" name="quit" is-config="true" duration-ms="183" started-at="2017-05-16T09:08:02Z" finished-at="2017-05-16T09:08:02Z">
          <reporter-output>
          </reporter-output>
        </test-method> <!-- quit -->
      </class> <!-- com.ascend.core.ddf.testcases.LoginTest -->
    </test> <!-- Default test -->
  </suite> <!-- Default suite -->
</testng-results>
